# JRE version: OpenJDK Runtime Environment (25.0.2+10) (build 25.0.2+10-69)
# Java VM: OpenJDK 64-Bit Server VM (25.0.2+10-69, mixed mode, emulated-client, sharing, tiered, compressed oops, compressed class ptrs, g1 gc, windows-amd64)
GC Precious Log:
 CardTable entry size: 512
 Card Set container configuration: InlinePtr #cards 4 size 8 Array Of Cards #cards 16 size 48 Howl #buckets 8 coarsen threshold 3686 Howl Bitmap #cards 512 size 80 coarsen threshold 460 Card regions per heap region 1 cards per card region 4096
 CPUs: 4 total, 4 available
 Memory: 16331M
 Large Page Support: Disabled
 NUMA Support: Disabled
 Compressed Oops: Enabled (Zero based)
 Heap Region Size: 2M
 Heap Min Capacity: 8M
 Heap Initial Capacity: 256M
 Heap Max Capacity: 4084M
 Pre-touch: Disabled
 Parallel Workers: 4
 Concurrent Workers: 1
 Concurrent Refinement Workers: 4
 Periodic GC: Disabled
Heap:
 garbage-first heap   total reserved 4182016K, committed 116736K, used 102840K [0x0000000700c00000, 0x0000000800000000)
  region size 2048K, 25 young (51200K), 2 survivors (4096K)
GC Heap Usage History (20 events):
Event: 5.521 {heap After GC invocations=15 (full 0):
 garbage-first heap   total reserved 4182016K, committed 75776K, used 40739K [0x0000000700c00000, 0x0000000800000000)
  region size 2048K, 1 young (2048K), 1 survivors (2048K)
}
Event: 5.880 {heap Before GC invocations=15 (full 0):
 garbage-first heap   total reserved 4182016K, committed 75776K, used 65315K [0x0000000700c00000, 0x0000000800000000)
  region size 2048K, 14 young (28672K), 1 survivors (2048K)
}
Event: 5.884 {heap After GC invocations=16 (full 0):
 garbage-first heap   total reserved 4182016K, committed 75776K, used 41023K [0x0000000700c00000, 0x0000000800000000)
  region size 2048K, 2 young (4096K), 2 survivors (4096K)
}
Event: 6.200 {heap Before GC invocations=16 (full 0):
 garbage-first heap   total reserved 4182016K, committed 75776K, used 65599K [0x0000000700c00000, 0x0000000800000000)
  region size 2048K, 15 young (30720K), 2 survivors (4096K)
}
Event: 6.204 {heap After GC invocations=17 (full 0):
 garbage-first heap   total reserved 4182016K, committed 75776K, used 43425K [0x0000000700c00000, 0x0000000800000000)
  region size 2048K, 2 young (4096K), 2 survivors (4096K)
}
Event: 6.275 {heap Before GC invocations=18 (full 0):
 garbage-first heap   total reserved 4182016K, committed 75776K, used 68001K [0x0000000700c00000, 0x0000000800000000)
  region size 2048K, 14 young (28672K), 2 survivors (4096K)
}
Event: 6.279 {heap After GC invocations=19 (full 0):
 garbage-first heap   total reserved 4182016K, committed 75776K, used 45016K [0x0000000700c00000, 0x0000000800000000)
  region size 2048K, 1 young (2048K), 1 survivors (2048K)
}
Event: 6.323 {heap Before GC invocations=19 (full 0):
 garbage-first heap   total reserved 4182016K, committed 75776K, used 67544K [0x0000000700c00000, 0x0000000800000000)
  region size 2048K, 12 young (24576K), 1 survivors (2048K)
}
Event: 6.325 {heap After GC invocations=20 (full 0):
 garbage-first heap   total reserved 4182016K, committed 75776K, used 45633K [0x0000000700c00000, 0x0000000800000000)
  region size 2048K, 1 young (2048K), 1 survivors (2048K)
}
Event: 6.379 {heap Before GC invocations=20 (full 0):
 garbage-first heap   total reserved 4182016K, committed 75776K, used 68161K [0x0000000700c00000, 0x0000000800000000)
  region size 2048K, 12 young (24576K), 1 survivors (2048K)
}
Event: 6.381 {heap After GC invocations=21 (full 0):
 garbage-first heap   total reserved 4182016K, committed 75776K, used 44625K [0x0000000700c00000, 0x0000000800000000)
  region size 2048K, 1 young (2048K), 1 survivors (2048K)
}
Event: 6.487 {heap Before GC invocations=21 (full 0):
 garbage-first heap   total reserved 4182016K, committed 75776K, used 67153K [0x0000000700c00000, 0x0000000800000000)
  region size 2048K, 12 young (24576K), 1 survivors (2048K)
}
Event: 6.490 {heap After GC invocations=22 (full 0):
 garbage-first heap   total reserved 4182016K, committed 75776K, used 46659K [0x0000000700c00000, 0x0000000800000000)
  region size 2048K, 2 young (4096K), 2 survivors (4096K)
}
Event: 6.733 {heap Before GC invocations=23 (full 0):
 garbage-first heap   total reserved 4182016K, committed 81920K, used 67139K [0x0000000700c00000, 0x0000000800000000)
  region size 2048K, 13 young (26624K), 2 survivors (4096K)
}
Event: 6.736 {heap After GC invocations=24 (full 0):
 garbage-first heap   total reserved 4182016K, committed 81920K, used 47319K [0x0000000700c00000, 0x0000000800000000)
  region size 2048K, 1 young (2048K), 1 survivors (2048K)
}
Event: 6.794 {heap Before GC invocations=24 (full 0):
 garbage-first heap   total reserved 4182016K, committed 81920K, used 73943K [0x0000000700c00000, 0x0000000800000000)
  region size 2048K, 14 young (28672K), 1 survivors (2048K)
}
Event: 6.798 {heap After GC invocations=25 (full 0):
 garbage-first heap   total reserved 4182016K, committed 116736K, used 49758K [0x0000000700c00000, 0x0000000800000000)
  region size 2048K, 2 young (4096K), 2 survivors (4096K)
}
Event: 6.922 {heap Before GC invocations=25 (full 0):
 garbage-first heap   total reserved 4182016K, committed 116736K, used 100958K [0x0000000700c00000, 0x0000000800000000)
  region size 2048K, 27 young (55296K), 2 survivors (4096K)
}
Event: 6.928 {heap After GC invocations=26 (full 0):
 garbage-first heap   total reserved 4182016K, committed 116736K, used 55736K [0x0000000700c00000, 0x0000000800000000)
  region size 2048K, 4 young (8192K), 4 survivors (8192K)
}
Event: 7.035 {heap Before GC invocations=26 (full 0):
 garbage-first heap   total reserved 4182016K, committed 116736K, used 102840K [0x0000000700c00000, 0x0000000800000000)
  region size 2048K, 27 young (55296K), 4 survivors (8192K)
}

