# JRE version: OpenJDK Runtime Environment (25.0.2+10) (build 25.0.2+10-69)
# Java VM: OpenJDK 64-Bit Server VM (25.0.2+10-69, mixed mode, emulated-client, sharing, tiered, compressed oops, compressed class ptrs, g1 gc, windows-amd64)
GC Precious Log:
 CardTable entry size: 512
 Card Set container configuration: InlinePtr #cards 4 size 8 Array Of Cards #cards 16 size 48 Howl #buckets 8 coarsen threshold 3686 Howl Bitmap #cards 512 size 80 coarsen threshold 460 Card regions per heap region 1 cards per card region 4096
 CPUs: 4 total, 4 available
 Memory: 16331M
 Large Page Support: Disabled
 NUMA Support: Disabled
 Compressed Oops: Enabled (Zero based)
 Heap Region Size: 2M
 Heap Min Capacity: 8M
 Heap Initial Capacity: 256M
 Heap Max Capacity: 4084M
 Pre-touch: Disabled
 Parallel Workers: 4
 Concurrent Workers: 1
 Concurrent Refinement Workers: 4
 Periodic GC: Disabled
Heap:
 garbage-first heap   total reserved 4182016K, committed 88064K, used 50150K [0x0000000700c00000, 0x0000000800000000)
  region size 2048K, 9 young (18432K), 1 survivors (2048K)
GC Heap Usage History (20 events):
Event: 106.287 {heap Before GC invocations=15 (full 0):
 garbage-first heap   total reserved 4182016K, committed 83968K, used 73989K [0x0000000700c00000, 0x0000000800000000)
  region size 2048K, 19 young (38912K), 3 survivors (6144K)
}
Event: 106.291 {heap After GC invocations=16 (full 0):
 garbage-first heap   total reserved 4182016K, committed 83968K, used 42213K [0x0000000700c00000, 0x0000000800000000)
  region size 2048K, 2 young (4096K), 2 survivors (4096K)
}
Event: 307.887 {heap Before GC invocations=17 (full 0):
 garbage-first heap   total reserved 4182016K, committed 83968K, used 74981K [0x0000000700c00000, 0x0000000800000000)
  region size 2048K, 18 young (36864K), 2 survivors (4096K)
}
Event: 307.891 {heap After GC invocations=18 (full 0):
 garbage-first heap   total reserved 4182016K, committed 83968K, used 41474K [0x0000000700c00000, 0x0000000800000000)
  region size 2048K, 1 young (2048K), 1 survivors (2048K)
}
Event: 523.189 {heap Before GC invocations=18 (full 0):
 garbage-first heap   total reserved 4182016K, committed 83968K, used 76290K [0x0000000700c00000, 0x0000000800000000)
  region size 2048K, 18 young (36864K), 1 survivors (2048K)
}
Event: 523.195 {heap After GC invocations=19 (full 0):
 garbage-first heap   total reserved 4182016K, committed 88064K, used 39136K [0x0000000700c00000, 0x0000000800000000)
  region size 2048K, 1 young (2048K), 1 survivors (2048K)
}
Event: 778.552 {heap Before GC invocations=19 (full 0):
 garbage-first heap   total reserved 4182016K, committed 88064K, used 80096K [0x0000000700c00000, 0x0000000800000000)
  region size 2048K, 21 young (43008K), 1 survivors (2048K)
}
Event: 778.554 {heap After GC invocations=20 (full 0):
 garbage-first heap   total reserved 4182016K, committed 88064K, used 39013K [0x0000000700c00000, 0x0000000800000000)
  region size 2048K, 1 young (2048K), 1 survivors (2048K)
}
Event: 1031.551 {heap Before GC invocations=21 (full 0):
 garbage-first heap   total reserved 4182016K, committed 88064K, used 79973K [0x0000000700c00000, 0x0000000800000000)
  region size 2048K, 21 young (43008K), 1 survivors (2048K)
}
Event: 1031.552 {heap After GC invocations=22 (full 0):
 garbage-first heap   total reserved 4182016K, committed 88064K, used 38981K [0x0000000700c00000, 0x0000000800000000)
  region size 2048K, 1 young (2048K), 1 survivors (2048K)
}
Event: 1287.205 {heap Before GC invocations=22 (full 0):
 garbage-first heap   total reserved 4182016K, committed 88064K, used 79941K [0x0000000700c00000, 0x0000000800000000)
  region size 2048K, 21 young (43008K), 1 survivors (2048K)
}
Event: 1287.210 {heap After GC invocations=23 (full 0):
 garbage-first heap   total reserved 4182016K, committed 88064K, used 37591K [0x0000000700c00000, 0x0000000800000000)
  region size 2048K, 1 young (2048K), 1 survivors (2048K)
}
Event: 1537.509 {heap Before GC invocations=23 (full 0):
 garbage-first heap   total reserved 4182016K, committed 88064K, used 78551K [0x0000000700c00000, 0x0000000800000000)
  region size 2048K, 21 young (43008K), 1 survivors (2048K)
}
Event: 1537.511 {heap After GC invocations=24 (full 0):
 garbage-first heap   total reserved 4182016K, committed 88064K, used 37675K [0x0000000700c00000, 0x0000000800000000)
  region size 2048K, 1 young (2048K), 1 survivors (2048K)
}
Event: 1780.872 {heap Before GC invocations=25 (full 0):
 garbage-first heap   total reserved 4182016K, committed 88064K, used 78635K [0x0000000700c00000, 0x0000000800000000)
  region size 2048K, 21 young (43008K), 1 survivors (2048K)
}
Event: 1780.874 {heap After GC invocations=26 (full 0):
 garbage-first heap   total reserved 4182016K, committed 88064K, used 38182K [0x0000000700c00000, 0x0000000800000000)
  region size 2048K, 1 young (2048K), 1 survivors (2048K)
}
Event: 2032.886 {heap Before GC invocations=26 (full 0):
 garbage-first heap   total reserved 4182016K, committed 88064K, used 79142K [0x0000000700c00000, 0x0000000800000000)
  region size 2048K, 21 young (43008K), 1 survivors (2048K)
}
Event: 2032.890 {heap After GC invocations=27 (full 0):
 garbage-first heap   total reserved 4182016K, committed 88064K, used 37862K [0x0000000700c00000, 0x0000000800000000)
  region size 2048K, 1 young (2048K), 1 survivors (2048K)
}
Event: 2299.868 {heap Before GC invocations=27 (full 0):
 garbage-first heap   total reserved 4182016K, committed 88064K, used 80870K [0x0000000700c00000, 0x0000000800000000)
  region size 2048K, 22 young (45056K), 1 survivors (2048K)
}
Event: 2299.870 {heap After GC invocations=28 (full 0):
 garbage-first heap   total reserved 4182016K, committed 88064K, used 37862K [0x0000000700c00000, 0x0000000800000000)
  region size 2048K, 1 young (2048K), 1 survivors (2048K)
}

